2025-07-16 13:20:23,172 - lhp.cli.main - INFO - Logging initialized - File: /Users/mehdi.modarressi/Documents/Coding/Lakehouse_Plumber/Example_Projects/acmi/.lhp/logs/lhp.log, Console level: WARNING
2025-07-16 13:20:23,174 - lhp.core.template_engine - INFO - Loading 3 templates from /Users/mehdi.modarressi/Documents/Coding/Lakehouse_Plumber/Example_Projects/acmi/templates
2025-07-16 13:20:23,176 - lhp.core.template_engine - DEBUG - Loaded template: csv_ingestion_template
2025-07-16 13:20:23,178 - lhp.core.template_engine - DEBUG - Loaded template: json_ingestion_template
2025-07-16 13:20:23,179 - lhp.core.template_engine - DEBUG - Loaded template: parquet_ingestion_template
2025-07-16 13:20:23,180 - lhp.core.state_manager - INFO - Loaded state from /Users/mehdi.modarressi/Documents/Coding/Lakehouse_Plumber/Example_Projects/acmi/.lhp_state.json
2025-07-16 13:20:23,193 - lhp.core.project_config_loader - INFO - Loaded project configuration from /Users/mehdi.modarressi/Documents/Coding/Lakehouse_Plumber/Example_Projects/acmi/lhp.yaml
2025-07-16 13:20:23,199 - lhp.core.project_config_loader - INFO - Loaded project configuration from /Users/mehdi.modarressi/Documents/Coding/Lakehouse_Plumber/Example_Projects/acmi/lhp.yaml
2025-07-16 13:20:23,208 - lhp.core.state_manager - DEBUG - File orphaned - source doesn't exist: pipelines/02_bronze/supplier_bronze.yaml
2025-07-16 13:20:23,233 - lhp.core.state_dependency_resolver - DEBUG - Resolved 0 dependencies for /Users/mehdi.modarressi/Documents/Coding/Lakehouse_Plumber/Example_Projects/acmi/pipelines/02_bronze/customer_bronze.yaml
2025-07-16 13:20:23,233 - lhp.core.state_manager - DEBUG - File generated/bronze_load/customer_bronze.py is stale: source YAML changed
2025-07-16 13:20:23,235 - lhp.core.state_dependency_resolver - DEBUG - Resolved 0 dependencies for /Users/mehdi.modarressi/Documents/Coding/Lakehouse_Plumber/Example_Projects/acmi/pipelines/02_bronze/lineitem_bronze.yaml
2025-07-16 13:20:23,236 - lhp.core.state_dependency_resolver - DEBUG - Resolved 0 dependencies for /Users/mehdi.modarressi/Documents/Coding/Lakehouse_Plumber/Example_Projects/acmi/pipelines/02_bronze/nation_bronze.yaml
2025-07-16 13:20:23,237 - lhp.core.state_dependency_resolver - DEBUG - Resolved 0 dependencies for /Users/mehdi.modarressi/Documents/Coding/Lakehouse_Plumber/Example_Projects/acmi/pipelines/02_bronze/orders_bronze.yaml
2025-07-16 13:20:23,238 - lhp.core.state_dependency_resolver - DEBUG - Resolved 0 dependencies for /Users/mehdi.modarressi/Documents/Coding/Lakehouse_Plumber/Example_Projects/acmi/pipelines/02_bronze/part_bronze.yaml
2025-07-16 13:20:23,240 - lhp.core.state_dependency_resolver - DEBUG - Resolved 0 dependencies for /Users/mehdi.modarressi/Documents/Coding/Lakehouse_Plumber/Example_Projects/acmi/pipelines/02_bronze/partsupp_bronze.yaml
2025-07-16 13:20:23,241 - lhp.core.state_dependency_resolver - DEBUG - Resolved 0 dependencies for /Users/mehdi.modarressi/Documents/Coding/Lakehouse_Plumber/Example_Projects/acmi/pipelines/02_bronze/region_bronze.yaml
2025-07-16 13:20:23,242 - lhp.core.state_dependency_resolver - DEBUG - Resolved 0 dependencies for /Users/mehdi.modarressi/Documents/Coding/Lakehouse_Plumber/Example_Projects/acmi/pipelines/04_gold/customer_lifetime_value.yaml
2025-07-16 13:20:23,244 - lhp.core.state_dependency_resolver - DEBUG - Resolved 0 dependencies for /Users/mehdi.modarressi/Documents/Coding/Lakehouse_Plumber/Example_Projects/acmi/pipelines/04_gold/customer_segmentation_mv.yaml
2025-07-16 13:20:23,248 - lhp.core.state_dependency_resolver - DEBUG - Resolved 0 dependencies for /Users/mehdi.modarressi/Documents/Coding/Lakehouse_Plumber/Example_Projects/acmi/pipelines/04_gold/executive_dashboard_mv.yaml
2025-07-16 13:20:23,249 - lhp.core.state_dependency_resolver - DEBUG - Resolved 0 dependencies for /Users/mehdi.modarressi/Documents/Coding/Lakehouse_Plumber/Example_Projects/acmi/pipelines/04_gold/product_performance_mv.yaml
2025-07-16 13:20:23,250 - lhp.core.state_dependency_resolver - DEBUG - Resolved 0 dependencies for /Users/mehdi.modarressi/Documents/Coding/Lakehouse_Plumber/Example_Projects/acmi/pipelines/04_gold/revenue_by_region_mv.yaml
2025-07-16 13:20:23,251 - lhp.core.state_dependency_resolver - DEBUG - Resolved 0 dependencies for /Users/mehdi.modarressi/Documents/Coding/Lakehouse_Plumber/Example_Projects/acmi/pipelines/04_gold/sales_summary_daily_mv.yaml
2025-07-16 13:20:23,252 - lhp.core.state_dependency_resolver - DEBUG - Resolved 0 dependencies for /Users/mehdi.modarressi/Documents/Coding/Lakehouse_Plumber/Example_Projects/acmi/pipelines/04_gold/sales_summary_monthly_mv.yaml
2025-07-16 13:20:23,253 - lhp.core.state_dependency_resolver - DEBUG - Resolved 1 dependencies for /Users/mehdi.modarressi/Documents/Coding/Lakehouse_Plumber/Example_Projects/acmi/pipelines/01_raw_ingestion/csv_ingestions/customer_ingestion.yaml
2025-07-16 13:20:23,253 - lhp.core.state_dependency_resolver - DEBUG - Resolved 1 dependencies for /Users/mehdi.modarressi/Documents/Coding/Lakehouse_Plumber/Example_Projects/acmi/pipelines/01_raw_ingestion/csv_ingestions/lineitem_ingestion.yaml
2025-07-16 13:20:23,254 - lhp.core.state_dependency_resolver - DEBUG - Resolved 1 dependencies for /Users/mehdi.modarressi/Documents/Coding/Lakehouse_Plumber/Example_Projects/acmi/pipelines/01_raw_ingestion/csv_ingestions/nation_ingestion.yaml
2025-07-16 13:20:23,254 - lhp.core.state_dependency_resolver - DEBUG - Resolved 1 dependencies for /Users/mehdi.modarressi/Documents/Coding/Lakehouse_Plumber/Example_Projects/acmi/pipelines/01_raw_ingestion/csv_ingestions/orders_ingestion.yaml
2025-07-16 13:20:23,255 - lhp.core.state_dependency_resolver - DEBUG - Resolved 1 dependencies for /Users/mehdi.modarressi/Documents/Coding/Lakehouse_Plumber/Example_Projects/acmi/pipelines/01_raw_ingestion/json_ingestion/part_ingestion.yaml
2025-07-16 13:20:23,255 - lhp.core.state_dependency_resolver - DEBUG - Resolved 1 dependencies for /Users/mehdi.modarressi/Documents/Coding/Lakehouse_Plumber/Example_Projects/acmi/pipelines/01_raw_ingestion/json_ingestion/partsupp_ingestion.yaml
2025-07-16 13:20:23,256 - lhp.core.state_dependency_resolver - DEBUG - Resolved 1 dependencies for /Users/mehdi.modarressi/Documents/Coding/Lakehouse_Plumber/Example_Projects/acmi/pipelines/01_raw_ingestion/parquet_ingestions/region_ingestion.yaml
2025-07-16 13:20:23,257 - lhp.core.state_dependency_resolver - DEBUG - Resolved 1 dependencies for /Users/mehdi.modarressi/Documents/Coding/Lakehouse_Plumber/Example_Projects/acmi/pipelines/01_raw_ingestion/parquet_ingestions/supplier_ingestion.yaml
2025-07-16 13:20:23,258 - lhp.core.state_dependency_resolver - DEBUG - Resolved 0 dependencies for /Users/mehdi.modarressi/Documents/Coding/Lakehouse_Plumber/Example_Projects/acmi/pipelines/03_silver/dim/customer_silver_dim.yaml
2025-07-16 13:20:23,259 - lhp.core.state_dependency_resolver - DEBUG - Resolved 0 dependencies for /Users/mehdi.modarressi/Documents/Coding/Lakehouse_Plumber/Example_Projects/acmi/pipelines/03_silver/fct/lineitem_silver_fct.yaml
2025-07-16 13:20:23,261 - lhp.core.state_dependency_resolver - DEBUG - Resolved 0 dependencies for /Users/mehdi.modarressi/Documents/Coding/Lakehouse_Plumber/Example_Projects/acmi/pipelines/03_silver/dim/nation_silver_dim.yaml
2025-07-16 13:20:23,262 - lhp.core.state_dependency_resolver - DEBUG - Resolved 0 dependencies for /Users/mehdi.modarressi/Documents/Coding/Lakehouse_Plumber/Example_Projects/acmi/pipelines/03_silver/fct/orders_silver_fct.yaml
2025-07-16 13:20:23,263 - lhp.core.state_dependency_resolver - DEBUG - Resolved 0 dependencies for /Users/mehdi.modarressi/Documents/Coding/Lakehouse_Plumber/Example_Projects/acmi/pipelines/03_silver/dim/part_silver_dim.yaml
2025-07-16 13:20:23,264 - lhp.core.state_dependency_resolver - DEBUG - Resolved 0 dependencies for /Users/mehdi.modarressi/Documents/Coding/Lakehouse_Plumber/Example_Projects/acmi/pipelines/03_silver/dim/partsupp_silver_dim.yaml
2025-07-16 13:20:23,266 - lhp.core.state_dependency_resolver - DEBUG - Resolved 0 dependencies for /Users/mehdi.modarressi/Documents/Coding/Lakehouse_Plumber/Example_Projects/acmi/pipelines/03_silver/dim/region_silver_dim.yaml
2025-07-16 13:20:23,267 - lhp.core.state_dependency_resolver - DEBUG - Resolved 0 dependencies for /Users/mehdi.modarressi/Documents/Coding/Lakehouse_Plumber/Example_Projects/acmi/pipelines/03_silver/dim/supplier_silver_dim.yaml
2025-07-16 13:20:23,269 - lhp.core.state_dependency_resolver - DEBUG - Resolved 0 dependencies for /Users/mehdi.modarressi/Documents/Coding/Lakehouse_Plumber/Example_Projects/acmi/pipelines/02_bronze/customer_bronze.yaml
2025-07-16 13:20:23,270 - lhp.core.state_dependency_resolver - DEBUG - Resolved 0 dependencies for /Users/mehdi.modarressi/Documents/Coding/Lakehouse_Plumber/Example_Projects/acmi/pipelines/02_bronze/lineitem_bronze.yaml
2025-07-16 13:20:23,272 - lhp.core.state_dependency_resolver - DEBUG - Resolved 0 dependencies for /Users/mehdi.modarressi/Documents/Coding/Lakehouse_Plumber/Example_Projects/acmi/pipelines/02_bronze/nation_bronze.yaml
2025-07-16 13:20:23,273 - lhp.core.state_dependency_resolver - DEBUG - Resolved 0 dependencies for /Users/mehdi.modarressi/Documents/Coding/Lakehouse_Plumber/Example_Projects/acmi/pipelines/02_bronze/orders_bronze.yaml
2025-07-16 13:20:23,274 - lhp.core.state_dependency_resolver - DEBUG - Resolved 0 dependencies for /Users/mehdi.modarressi/Documents/Coding/Lakehouse_Plumber/Example_Projects/acmi/pipelines/02_bronze/part_bronze.yaml
2025-07-16 13:20:23,276 - lhp.core.state_dependency_resolver - DEBUG - Resolved 0 dependencies for /Users/mehdi.modarressi/Documents/Coding/Lakehouse_Plumber/Example_Projects/acmi/pipelines/02_bronze/partsupp_bronze.yaml
2025-07-16 13:20:23,277 - lhp.core.state_dependency_resolver - DEBUG - Resolved 0 dependencies for /Users/mehdi.modarressi/Documents/Coding/Lakehouse_Plumber/Example_Projects/acmi/pipelines/02_bronze/region_bronze.yaml
2025-07-16 13:20:23,278 - lhp.core.state_dependency_resolver - DEBUG - Resolved 0 dependencies for /Users/mehdi.modarressi/Documents/Coding/Lakehouse_Plumber/Example_Projects/acmi/pipelines/04_gold/customer_lifetime_value.yaml
2025-07-16 13:20:23,280 - lhp.core.state_dependency_resolver - DEBUG - Resolved 0 dependencies for /Users/mehdi.modarressi/Documents/Coding/Lakehouse_Plumber/Example_Projects/acmi/pipelines/04_gold/customer_segmentation_mv.yaml
2025-07-16 13:20:23,283 - lhp.core.state_dependency_resolver - DEBUG - Resolved 0 dependencies for /Users/mehdi.modarressi/Documents/Coding/Lakehouse_Plumber/Example_Projects/acmi/pipelines/04_gold/executive_dashboard_mv.yaml
2025-07-16 13:20:23,284 - lhp.core.state_dependency_resolver - DEBUG - Resolved 0 dependencies for /Users/mehdi.modarressi/Documents/Coding/Lakehouse_Plumber/Example_Projects/acmi/pipelines/04_gold/product_performance_mv.yaml
2025-07-16 13:20:23,285 - lhp.core.state_dependency_resolver - DEBUG - Resolved 0 dependencies for /Users/mehdi.modarressi/Documents/Coding/Lakehouse_Plumber/Example_Projects/acmi/pipelines/04_gold/revenue_by_region_mv.yaml
2025-07-16 13:20:23,286 - lhp.core.state_dependency_resolver - DEBUG - Resolved 0 dependencies for /Users/mehdi.modarressi/Documents/Coding/Lakehouse_Plumber/Example_Projects/acmi/pipelines/04_gold/sales_summary_daily_mv.yaml
2025-07-16 13:20:23,287 - lhp.core.state_dependency_resolver - DEBUG - Resolved 0 dependencies for /Users/mehdi.modarressi/Documents/Coding/Lakehouse_Plumber/Example_Projects/acmi/pipelines/04_gold/sales_summary_monthly_mv.yaml
2025-07-16 13:20:23,288 - lhp.core.state_dependency_resolver - DEBUG - Resolved 1 dependencies for /Users/mehdi.modarressi/Documents/Coding/Lakehouse_Plumber/Example_Projects/acmi/pipelines/01_raw_ingestion/csv_ingestions/customer_ingestion.yaml
2025-07-16 13:20:23,289 - lhp.core.state_dependency_resolver - DEBUG - Resolved 1 dependencies for /Users/mehdi.modarressi/Documents/Coding/Lakehouse_Plumber/Example_Projects/acmi/pipelines/01_raw_ingestion/csv_ingestions/lineitem_ingestion.yaml
2025-07-16 13:20:23,289 - lhp.core.state_dependency_resolver - DEBUG - Resolved 1 dependencies for /Users/mehdi.modarressi/Documents/Coding/Lakehouse_Plumber/Example_Projects/acmi/pipelines/01_raw_ingestion/csv_ingestions/nation_ingestion.yaml
2025-07-16 13:20:23,290 - lhp.core.state_dependency_resolver - DEBUG - Resolved 1 dependencies for /Users/mehdi.modarressi/Documents/Coding/Lakehouse_Plumber/Example_Projects/acmi/pipelines/01_raw_ingestion/csv_ingestions/orders_ingestion.yaml
2025-07-16 13:20:23,290 - lhp.core.state_dependency_resolver - DEBUG - Resolved 1 dependencies for /Users/mehdi.modarressi/Documents/Coding/Lakehouse_Plumber/Example_Projects/acmi/pipelines/01_raw_ingestion/json_ingestion/part_ingestion.yaml
2025-07-16 13:20:23,291 - lhp.core.state_dependency_resolver - DEBUG - Resolved 1 dependencies for /Users/mehdi.modarressi/Documents/Coding/Lakehouse_Plumber/Example_Projects/acmi/pipelines/01_raw_ingestion/json_ingestion/partsupp_ingestion.yaml
2025-07-16 13:20:23,292 - lhp.core.state_dependency_resolver - DEBUG - Resolved 1 dependencies for /Users/mehdi.modarressi/Documents/Coding/Lakehouse_Plumber/Example_Projects/acmi/pipelines/01_raw_ingestion/parquet_ingestions/region_ingestion.yaml
2025-07-16 13:20:23,292 - lhp.core.state_dependency_resolver - DEBUG - Resolved 1 dependencies for /Users/mehdi.modarressi/Documents/Coding/Lakehouse_Plumber/Example_Projects/acmi/pipelines/01_raw_ingestion/parquet_ingestions/supplier_ingestion.yaml
2025-07-16 13:20:23,294 - lhp.core.state_dependency_resolver - DEBUG - Resolved 0 dependencies for /Users/mehdi.modarressi/Documents/Coding/Lakehouse_Plumber/Example_Projects/acmi/pipelines/03_silver/dim/customer_silver_dim.yaml
2025-07-16 13:20:23,295 - lhp.core.state_dependency_resolver - DEBUG - Resolved 0 dependencies for /Users/mehdi.modarressi/Documents/Coding/Lakehouse_Plumber/Example_Projects/acmi/pipelines/03_silver/fct/lineitem_silver_fct.yaml
2025-07-16 13:20:23,296 - lhp.core.state_dependency_resolver - DEBUG - Resolved 0 dependencies for /Users/mehdi.modarressi/Documents/Coding/Lakehouse_Plumber/Example_Projects/acmi/pipelines/03_silver/dim/nation_silver_dim.yaml
2025-07-16 13:20:23,297 - lhp.core.state_dependency_resolver - DEBUG - Resolved 0 dependencies for /Users/mehdi.modarressi/Documents/Coding/Lakehouse_Plumber/Example_Projects/acmi/pipelines/03_silver/fct/orders_silver_fct.yaml
2025-07-16 13:20:23,299 - lhp.core.state_dependency_resolver - DEBUG - Resolved 0 dependencies for /Users/mehdi.modarressi/Documents/Coding/Lakehouse_Plumber/Example_Projects/acmi/pipelines/03_silver/dim/part_silver_dim.yaml
2025-07-16 13:20:23,300 - lhp.core.state_dependency_resolver - DEBUG - Resolved 0 dependencies for /Users/mehdi.modarressi/Documents/Coding/Lakehouse_Plumber/Example_Projects/acmi/pipelines/03_silver/dim/partsupp_silver_dim.yaml
2025-07-16 13:20:23,301 - lhp.core.state_dependency_resolver - DEBUG - Resolved 0 dependencies for /Users/mehdi.modarressi/Documents/Coding/Lakehouse_Plumber/Example_Projects/acmi/pipelines/03_silver/dim/region_silver_dim.yaml
2025-07-16 13:20:23,302 - lhp.core.state_dependency_resolver - DEBUG - Resolved 0 dependencies for /Users/mehdi.modarressi/Documents/Coding/Lakehouse_Plumber/Example_Projects/acmi/pipelines/03_silver/dim/supplier_silver_dim.yaml
2025-07-16 13:20:23,307 - lhp.core.project_config_loader - INFO - Loaded project configuration from /Users/mehdi.modarressi/Documents/Coding/Lakehouse_Plumber/Example_Projects/acmi/lhp.yaml
